<?xml version="1.0" encoding="UTF-8"?>
<!-- Generated by org.testng.reporters.JUnitXMLReporter -->
<testsuite hostname="DESKTOP-Q3TS3TV" ignored="1" name="Registration test" tests="7" failures="2" timestamp="15 May 2020 09:37:29 GMT" time="431.72" errors="0">
  <testcase name="loginUsingDataProvider" time="16.199" classname="com.training.regression.tests.LoginMultipleValuesTest"/>
  <testcase name="loginUsingDataProvider" time="14.58" classname="com.training.regression.tests.LoginMultipleValuesTest"/>
  <testcase name="loginUsingDataProvider" time="9.542" classname="com.training.regression.tests.LoginMultipleValuesTest"/>
  <testcase name="loginUsingDataProvider" time="8.858" classname="com.training.regression.tests.LoginMultipleValuesTest"/>
  <testcase name="chkOutPreLogin" time="59.074" classname="com.training.regression.tests.LoginMultipleValuesTest"/>
  <testcase name="registerdplaceAnOrder" time="46.243" classname="com.training.regression.tests.LoginMultipleValuesTest">
    <failure type="java.lang.NullPointerException">
      <![CDATA[java.lang.NullPointerException
	at org.openqa.selenium.support.pagefactory.internal.LocatingElementHandler.invoke(LocatingElementHandler.java:51)
	at com.sun.proxy.$Proxy11.sendKeys(Unknown Source)
	at com.training.pom.LoginPOM.sendEmailAddress(LoginPOM.java:272)
	at com.training.regression.tests.LoginMultipleValuesTest.registerdplaceAnOrder(LoginMultipleValuesTest.java:89)
... Removed 29 stack frames]]>
    </failure>
  </testcase> <!-- registerdplaceAnOrder -->
  <testcase name="guestplaceAnOrder" time="10.624" classname="com.training.regression.tests.LoginMultipleValuesTest">
    <failure type="java.lang.NullPointerException">
      <![CDATA[java.lang.NullPointerException
	at org.openqa.selenium.support.pagefactory.internal.LocatingElementHandler.invoke(LocatingElementHandler.java:51)
	at com.sun.proxy.$Proxy11.click(Unknown Source)
	at com.training.pom.LoginPOM.clkOnProdSrch(LoginPOM.java:254)
	at com.training.regression.tests.LoginMultipleValuesTest.guestplaceAnOrder(LoginMultipleValuesTest.java:110)
... Removed 28 stack frames]]>
    </failure>
  </testcase> <!-- guestplaceAnOrder -->
  <testcase name="addNewProdWithDiscount" time="0.0" classname="com.training.regression.tests.LoginMultipleValuesTest">
    <ignored/>
  </testcase> <!-- addNewProdWithDiscount -->
</testsuite> <!-- Registration test -->
